#
# There is insufficient memory for the Java Runtime Environment to continue.
# Native memory allocation (malloc) failed to allocate 32756 bytes for ChunkPool::allocate
# Possible reasons:
#   The system is out of physical RAM or swap space
#   In 32 bit mode, the process size limit was hit
# Possible solutions:
#   Reduce memory load on the system
#   Increase physical memory or swap space
#   Check if swap backing store is full
#   Use 64 bit Java on a 64 bit OS
#   Decrease Java heap size (-Xmx/-Xms)
#   Decrease number of Java threads
#   Decrease Java thread stack sizes (-Xss)
#   Set larger code cache with -XX:ReservedCodeCacheSize=
# This output file may be truncated or incomplete.
#
#  Out of Memory Error (allocation.cpp:211), pid=14000, tid=11736
#
# JRE version: Java(TM) SE Runtime Environment (7.0_80-b15) (build 1.7.0_80-b15)
# Java VM: Java HotSpot(TM) Client VM (24.80-b11 mixed mode windows-x86 )
# Failed to write core dump. Minidumps are not enabled by default on client versions of Windows
#

---------------  T H R E A D  ---------------

Current thread (0x18ba8c00):  JavaThread "C1 CompilerThread0" daemon [_thread_in_native, id=11736, stack(0x19040000,0x19140000)]

Stack: [0x19040000,0x19140000],  sp=0x1913f2d4,  free space=1020k
Native frames: (J=compiled Java code, j=interpreted, Vv=VM code, C=native code)
V  [jvm.dll+0x192384]
V  [jvm.dll+0x18bb85]
V  [jvm.dll+0x78134]
V  [jvm.dll+0x7831c]
V  [jvm.dll+0x7866a]
V  [jvm.dll+0x1c3811]
V  [jvm.dll+0x27d61a]
V  [jvm.dll+0x281be9]
V  [jvm.dll+0x283160]
V  [jvm.dll+0x283579]
V  [jvm.dll+0x26906e]
V  [jvm.dll+0x26914a]
V  [jvm.dll+0x2692ac]
V  [jvm.dll+0x269546]
V  [jvm.dll+0x5fbe9]
V  [jvm.dll+0x601b5]
V  [jvm.dll+0x163c4c]
V  [jvm.dll+0x1646a7]
V  [jvm.dll+0x1a92f9]
C  [MSVCR100.dll+0x5c556]
C  [MSVCR100.dll+0x5c600]
C  [KERNEL32.DLL+0x18744]
C  [ntdll.dll+0x6587d]
C  [ntdll.dll+0x6584d]


Current CompileTask:
C1:    713  179   !         org.mozilla.javascript.Interpreter::interpretLoop (6314 bytes)


---------------  P R O C E S S  ---------------

Java Threads: ( => current thread )
  0x18ba9c00 JavaThread "Service Thread" daemon [_thread_blocked, id=1080, stack(0x19180000,0x19280000)]
=>0x18ba8c00 JavaThread "C1 CompilerThread0" daemon [_thread_in_native, id=11736, stack(0x19040000,0x19140000)]
  0x18ba4400 JavaThread "Attach Listener" daemon [_thread_blocked, id=2400, stack(0x18f00000,0x19000000)]
  0x18b9f800 JavaThread "Signal Dispatcher" daemon [_thread_blocked, id=10472, stack(0x18dc0000,0x18ec0000)]
  0x0266ac00 JavaThread "Finalizer" daemon [_thread_blocked, id=17432, stack(0x18a80000,0x18b80000)]
  0x02665800 JavaThread "Reference Handler" daemon [_thread_blocked, id=12964, stack(0x18940000,0x18a40000)]
  0x0256cc00 JavaThread "main" [_thread_in_native, id=5784, stack(0x000a0000,0x001a0000)]

Other Threads:
  0x02662c00 VMThread [stack: 0x18800000,0x18900000] [id=12376]
  0x18bc2000 WatcherThread [stack: 0x192c0000,0x193c0000] [id=6536]

VM state:not at safepoint (normal execution)

VM Mutex/Monitor currently owned by a thread: None

Heap
 def new generation   total 4928K, used 3790K [0x04800000, 0x04d50000, 0x09d50000)
  eden space 4416K,  74% used [0x04800000, 0x04b33868, 0x04c50000)
  from space 512K, 100% used [0x04cd0000, 0x04d50000, 0x04d50000)
  to   space 512K,   0% used [0x04c50000, 0x04c50000, 0x04cd0000)
 tenured generation   total 10944K, used 389K [0x09d50000, 0x0a800000, 0x14800000)
   the space 10944K,   3% used [0x09d50000, 0x09db1468, 0x09db1600, 0x0a800000)
 compacting perm gen  total 12288K, used 3703K [0x14800000, 0x15400000, 0x18800000)
   the space 12288K,  30% used [0x14800000, 0x14b9de40, 0x14b9e000, 0x15400000)
No shared spaces configured.

Card table byte_map: [0x04670000,0x04720000] byte_map_base: 0x0464c000

Polling page: 0x006d0000

Code Cache  [0x02670000, 0x02780000, 0x04670000)
 total_blobs=337 nmethods=177 adapters=97 free_code_cache=31706Kb largest_free_block=32466944

Compilation events (10 events):
Event: 0.682 Thread 0x18ba8c00 nmethod 174 0x02777f88 code [0x02778130, 0x02778484]
Event: 0.682 Thread 0x18ba8c00  175             org.mozilla.javascript.ObjToIntMap::get (28 bytes)
Event: 0.682 Thread 0x18ba8c00 nmethod 175 0x027788c8 code [0x027789d0, 0x02778abc]
Event: 0.683 Thread 0x18ba8c00  176             org.mozilla.javascript.Node::lookupProperty (27 bytes)
Event: 0.683 Thread 0x18ba8c00 nmethod 176 0x02778b88 code [0x02778c80, 0x02778d20]
Event: 0.683 Thread 0x18ba8c00  177             org.mozilla.javascript.ObjToIntMap::rehashTable (178 bytes)
Event: 0.683 Thread 0x18ba8c00 nmethod 177 0x02778dc8 code [0x02778ef0, 0x0277932c]
Event: 0.683 Thread 0x18ba8c00  178             org.mozilla.javascript.ast.Name::getScope (5 bytes)
Event: 0.683 Thread 0x18ba8c00 nmethod 178 0x02779648 code [0x02779740, 0x027797c0]
Event: 0.683 Thread 0x18ba8c00  179   !         org.mozilla.javascript.Interpreter::interpretLoop (6314 bytes)

GC Heap History (2 events):
Event: 0.426 GC heap before
{Heap before GC invocations=0 (full 0):
 def new generation   total 4928K, used 4416K [0x04800000, 0x04d50000, 0x09d50000)
  eden space 4416K, 100% used [0x04800000, 0x04c50000, 0x04c50000)
  from space 512K,   0% used [0x04c50000, 0x04c50000, 0x04cd0000)
  to   space 512K,   0% used [0x04cd0000, 0x04cd0000, 0x04d50000)
 tenured generation   total 10944K, used 0K [0x09d50000, 0x0a800000, 0x14800000)
   the space 10944K,   0% used [0x09d50000, 0x09d50000, 0x09d50200, 0x0a800000)
 compacting perm gen  total 12288K, used 3439K [0x14800000, 0x15400000, 0x18800000)
   the space 12288K,  27% used [0x14800000, 0x14b5bf20, 0x14b5c000, 0x15400000)
No shared spaces configured.
Event: 0.431 GC heap after
Heap after GC invocations=1 (full 0):
 def new generation   total 4928K, used 512K [0x04800000, 0x04d50000, 0x09d50000)
  eden space 4416K,   0% used [0x04800000, 0x04800000, 0x04c50000)
  from space 512K, 100% used [0x04cd0000, 0x04d50000, 0x04d50000)
  to   space 512K,   0% used [0x04c50000, 0x04c50000, 0x04cd0000)
 tenured generation   total 10944K, used 389K [0x09d50000, 0x0a800000, 0x14800000)
   the space 10944K,   3% used [0x09d50000, 0x09db1468, 0x09db1600, 0x0a800000)
 compacting perm gen  total 12288K, used 3439K [0x14800000, 0x15400000, 0x18800000)
   the space 12288K,  27% used [0x14800000, 0x14b5bf20, 0x14b5c000, 0x15400000)
No shared spaces configured.
}

Deoptimization events (0 events):
No events

Internal exceptions (10 events):
Event: 0.670 Thread 0x0256cc00 Threw 0x04a66ee8 at C:\re\jdk7u80\2329\hotspot\src\share\vm\prims\jvm.cpp:1319
Event: 0.674 Thread 0x0256cc00 Threw 0x04a80d00 at C:\re\jdk7u80\2329\hotspot\src\share\vm\prims\jvm.cpp:1319
Event: 0.685 Thread 0x0256cc00 Threw 0x04aee7e0 at C:\re\jdk7u80\2329\hotspot\src\share\vm\prims\jvm.cpp:1319
Event: 0.686 Thread 0x0256cc00 Threw 0x04af01a0 at C:\re\jdk7u80\2329\hotspot\src\share\vm\prims\jvm.cpp:1319
Event: 0.687 Thread 0x0256cc00 Threw 0x04af7888 at C:\re\jdk7u80\2329\hotspot\src\share\vm\prims\jvm.cpp:1319
Event: 0.687 Thread 0x0256cc00 Threw 0x04af92a8 at C:\re\jdk7u80\2329\hotspot\src\share\vm\prims\jvm.cpp:1319
Event: 0.687 Thread 0x0256cc00 Threw 0x04afcd70 at C:\re\jdk7u80\2329\hotspot\src\share\vm\prims\jvm.cpp:1319
Event: 0.687 Thread 0x0256cc00 Threw 0x04afe728 at C:\re\jdk7u80\2329\hotspot\src\share\vm\prims\jvm.cpp:1319
Event: 0.690 Thread 0x0256cc00 Threw 0x04b0b870 at C:\re\jdk7u80\2329\hotspot\src\share\vm\prims\jvm.cpp:1319
Event: 0.690 Thread 0x0256cc00 Threw 0x04b0d118 at C:\re\jdk7u80\2329\hotspot\src\share\vm\prims\jvm.cpp:1319

Events (10 events):
Event: 0.687 loading class 0x194de550
Event: 0.687 loading class 0x194de550 done
Event: 0.688 loading class 0x02594388
Event: 0.689 loading class 0x02594388 done
Event: 0.689 loading class 0x025d9380
Event: 0.689 loading class 0x025d9380 done
Event: 0.689 loading class 0x18ce1518
Event: 0.690 loading class 0x18ce1518 done
Event: 0.690 loading class 0x18ce1878
Event: 0.690 loading class 0x18ce1878 done


Dynamic libraries:
0x00400000 - 0x00409000 	C:\ti\xdctools_3_50_03_33_core\xs.exe
0x77000000 - 0x7718e000 	C:\Windows\SYSTEM32\ntdll.dll
0x73bd0000 - 0x73ca0000 	C:\Windows\System32\KERNEL32.DLL
0x75410000 - 0x755d2000 	C:\Windows\System32\KERNELBASE.dll
0x75350000 - 0x7540d000 	C:\Windows\System32\MSVCRT.dll
0x538b0000 - 0x53c3b000 	C:\ti\xdctools_3_50_03_33_core\jre\bin\client\jvm.dll
0x75750000 - 0x7588c000 	C:\Windows\System32\USER32.dll
0x75280000 - 0x75296000 	C:\Windows\System32\win32u.dll
0x743b0000 - 0x743d1000 	C:\Windows\System32\GDI32.dll
0x75120000 - 0x75278000 	C:\Windows\System32\gdi32full.dll
0x74610000 - 0x74689000 	C:\Windows\System32\msvcp_win.dll
0x746f0000 - 0x74808000 	C:\Windows\System32\ucrtbase.dll
0x73ee0000 - 0x73f57000 	C:\Windows\System32\ADVAPI32.dll
0x74360000 - 0x743a1000 	C:\Windows\System32\sechost.dll
0x73ca0000 - 0x73d60000 	C:\Windows\System32\RPCRT4.dll
0x73ad0000 - 0x73af0000 	C:\Windows\System32\SspiCli.dll
0x73ac0000 - 0x73aca000 	C:\Windows\System32\CRYPTBASE.dll
0x73af0000 - 0x73b47000 	C:\Windows\System32\bcryptPrimitives.dll
0x74600000 - 0x74606000 	C:\Windows\System32\PSAPI.DLL
0x72ea0000 - 0x72ec4000 	C:\Windows\SYSTEM32\WINMM.dll
0x71910000 - 0x71918000 	C:\Windows\SYSTEM32\WSOCK32.dll
0x755e0000 - 0x75647000 	C:\Windows\System32\WS2_32.dll
0x731c0000 - 0x7327f000 	C:\Windows\SYSTEM32\MSVCR100.dll
0x72cd0000 - 0x72cf3000 	C:\Windows\SYSTEM32\WINMMBASE.dll
0x75080000 - 0x750b9000 	C:\Windows\System32\cfgmgr32.dll
0x73ba0000 - 0x73bc5000 	C:\Windows\System32\IMM32.DLL
0x5d030000 - 0x5d03c000 	C:\ti\xdctools_3_50_03_33_core\jre\bin\verify.dll
0x54210000 - 0x54231000 	C:\ti\xdctools_3_50_03_33_core\jre\bin\java.dll
0x541b0000 - 0x541c3000 	C:\ti\xdctools_3_50_03_33_core\jre\bin\zip.dll
0x54110000 - 0x54124000 	C:\ti\xdctools_3_50_03_33_core\jre\bin\net.dll
0x71630000 - 0x7167e000 	C:\Windows\system32\mswsock.dll
0x541a0000 - 0x541af000 	C:\ti\xdctools_3_50_03_33_core\jre\bin\nio.dll
0x722e0000 - 0x7243d000 	C:\Windows\SYSTEM32\dbghelp.dll

VM Arguments:
jvm_args: -Xverify:none -DXDCPATH=D:/WorkSpace/Project/CCS/workspace_v8/CC2640R2F_Project/CC2640R2F_Ble5_Central_Peripheral/simplelink_cc2640r2_sdk_1_40_00_45/source;D:/WorkSpace/Project/CCS/workspace_v8/CC2640R2F_Project/CC2640R2F_Ble5_Central_Peripheral/simplelink_cc2640r2_sdk_1_40_00_45/kernel/tirtos/packages;D:/WorkSpace/Project/CCS/workspace_v8/CC2640R2F_Project/CC2640R2F_Ble5_Central_Peripheral/simplelink_cc2640r2_sdk_1_40_00_45/source/ti/ble5stack; -Dxdc.root=C:\ti\xdctools_3_50_03_33_core -Dconfig.rootDir=C:\ti\xdctools_3_50_03_33_core -Dconfig.gopts= exit abort 
java_command: <unknown>
Launcher Type: generic

Environment Variables:
PATH=C:\ti\ccsv8\ccs_base\emulation\analysis\bin\..\..\..\common\bin;C:\ti\ccsv8\ccs_base\emulation\analysis\bin\..\..\..\DebugServer\bin;C:\ti\ccsv8\ccs_base\emulation\analysis\bin\ofs;C:\ti\ccsv8\ccs_base\common\bin;C:\ti\ccsv8\ccs_base\common\uscif;C:\Windows\system32;C:\Windows;C:\Windows\System32\Wbem;C:\Windows\System32\WindowsPowerShell\v1.0\;C:\Program Files (x86)\NVIDIA Corporation\PhysX\Common;C:\Users\dd\AppData\Local\Microsoft\WindowsApps;;C:\ti\ccsv8\ccs_base\emulation\analysis\bin\.;C:\ti\ccsv8\ccs_base\emulation\analysis\bin\../xmldb/aet_config;C:\ti\ccsv8\ccs_base\emulation\analysis\bin\../xmldb/trace_config/setup;C:\ti\ccsv8\ccs_base\emulation\analysis\bin\../xmldb/trace_config/devices;C:\ti\ccsv8\ccs_base\emulation\analysis\bin\../../../common/bin;C:\ti\ccsv8\ccs_base\emulation\analysis\bin\../../../common/uscif;C:\ti\ccsv8\ccs_base\emulation\analysis\bin\../../tpi;C:\ti\ccsv8\ccs_base\emulation\drivers
USERNAME=dd
OS=Windows_NT
PROCESSOR_IDENTIFIER=Intel64 Family 6 Model 78 Stepping 3, GenuineIntel



---------------  S Y S T E M  ---------------

OS: Windows 8 , 64 bit Build 9200 

CPU:total 4 (2 cores per cpu, 2 threads per core) family 6 model 78 stepping 3, cmov, cx8, fxsr, mmx, sse, sse2, sse3, ssse3, sse4.1, sse4.2, popcnt, avx, avx2, erms, ht, tsc, tscinvbit

Memory: 4k page, physical 7802060k(1825412k free), swap 14355784k(3848k free)

vm_info: Java HotSpot(TM) Client VM (24.80-b11) for windows-x86 JRE (1.7.0_80-b15), built on Apr 10 2015 13:33:35 by "java_re" with unknown MS VC++:1600

time: Fri Apr 27 10:52:23 2018
elapsed time: 0 seconds

