#
# There is insufficient memory for the Java Runtime Environment to continue.
# Native memory allocation (malloc) failed to allocate 32756 bytes for ChunkPool::allocate
# Possible reasons:
#   The system is out of physical RAM or swap space
#   In 32 bit mode, the process size limit was hit
# Possible solutions:
#   Reduce memory load on the system
#   Increase physical memory or swap space
#   Check if swap backing store is full
#   Use 64 bit Java on a 64 bit OS
#   Decrease Java heap size (-Xmx/-Xms)
#   Decrease number of Java threads
#   Decrease Java thread stack sizes (-Xss)
#   Set larger code cache with -XX:ReservedCodeCacheSize=
# This output file may be truncated or incomplete.
#
#  Out of Memory Error (allocation.cpp:211), pid=4492, tid=14212
#
# JRE version: Java(TM) SE Runtime Environment (7.0_80-b15) (build 1.7.0_80-b15)
# Java VM: Java HotSpot(TM) Client VM (24.80-b11 mixed mode windows-x86 )
# Failed to write core dump. Minidumps are not enabled by default on client versions of Windows
#

---------------  T H R E A D  ---------------

Current thread (0x18ba5800):  JavaThread "C1 CompilerThread0" daemon [_thread_in_native, id=14212, stack(0x19040000,0x19140000)]

Stack: [0x19040000,0x19140000],  sp=0x1913f484,  free space=1021k
Native frames: (J=compiled Java code, j=interpreted, Vv=VM code, C=native code)
V  [jvm.dll+0x192384]
V  [jvm.dll+0x18bb85]
V  [jvm.dll+0x78134]
V  [jvm.dll+0x7831c]
V  [jvm.dll+0x7866a]
V  [jvm.dll+0x8cbf4]
V  [jvm.dll+0x18b0c9]
V  [jvm.dll+0x18b1e8]
V  [jvm.dll+0x27e7e4]
V  [jvm.dll+0x28355f]
V  [jvm.dll+0x26906e]
V  [jvm.dll+0x26914a]
V  [jvm.dll+0x2692ac]
V  [jvm.dll+0x269546]
V  [jvm.dll+0x5fbe9]
V  [jvm.dll+0x601b5]
V  [jvm.dll+0x163c4c]
V  [jvm.dll+0x1646a7]
V  [jvm.dll+0x1a92f9]
C  [MSVCR100.dll+0x5c556]
C  [MSVCR100.dll+0x5c600]
C  [KERNEL32.DLL+0x18744]
C  [ntdll.dll+0x6587d]
C  [ntdll.dll+0x6584d]


Current CompileTask:
C1:    730  181   !         org.mozilla.javascript.Interpreter::interpretLoop (6314 bytes)


---------------  P R O C E S S  ---------------

Java Threads: ( => current thread )
  0x18ba6c00 JavaThread "Service Thread" daemon [_thread_blocked, id=15112, stack(0x19180000,0x19280000)]
=>0x18ba5800 JavaThread "C1 CompilerThread0" daemon [_thread_in_native, id=14212, stack(0x19040000,0x19140000)]
  0x18ba4400 JavaThread "Attach Listener" daemon [_thread_blocked, id=12880, stack(0x18f00000,0x19000000)]
  0x18b9fc00 JavaThread "Signal Dispatcher" daemon [_thread_blocked, id=11008, stack(0x18dc0000,0x18ec0000)]
  0x0267ac00 JavaThread "Finalizer" daemon [_thread_blocked, id=3196, stack(0x18a80000,0x18b80000)]
  0x02675800 JavaThread "Reference Handler" daemon [_thread_blocked, id=13540, stack(0x18940000,0x18a40000)]
  0x0257cc00 JavaThread "main" [_thread_in_native, id=10416, stack(0x000a0000,0x001a0000)]

Other Threads:
  0x02672c00 VMThread [stack: 0x18800000,0x18900000] [id=15292]
  0x18bc2000 WatcherThread [stack: 0x192c0000,0x193c0000] [id=16304]

VM state:not at safepoint (normal execution)

VM Mutex/Monitor currently owned by a thread: None

Heap
 def new generation   total 4928K, used 3734K [0x04800000, 0x04d50000, 0x09d50000)
  eden space 4416K,  72% used [0x04800000, 0x04b25928, 0x04c50000)
  from space 512K, 100% used [0x04cd0000, 0x04d50000, 0x04d50000)
  to   space 512K,   0% used [0x04c50000, 0x04c50000, 0x04cd0000)
 tenured generation   total 10944K, used 390K [0x09d50000, 0x0a800000, 0x14800000)
   the space 10944K,   3% used [0x09d50000, 0x09db1800, 0x09db1800, 0x0a800000)
 compacting perm gen  total 12288K, used 3703K [0x14800000, 0x15400000, 0x18800000)
   the space 12288K,  30% used [0x14800000, 0x14b9de30, 0x14b9e000, 0x15400000)
No shared spaces configured.

Card table byte_map: [0x04680000,0x04730000] byte_map_base: 0x0465c000

Polling page: 0x005d0000

Code Cache  [0x02680000, 0x02790000, 0x04680000)
 total_blobs=340 nmethods=180 adapters=97 free_code_cache=31704Kb largest_free_block=32465152

Compilation events (10 events):
Event: 0.701 Thread 0x18ba5800 nmethod 176 0x02788408 code [0x027885b0, 0x02788904]
Event: 0.701 Thread 0x18ba5800  177             org.mozilla.javascript.ObjToIntMap::get (28 bytes)
Event: 0.701 Thread 0x18ba5800 nmethod 177 0x02788d48 code [0x02788e50, 0x02788f3c]
Event: 0.701 Thread 0x18ba5800  178             org.mozilla.javascript.Node::lookupProperty (27 bytes)
Event: 0.701 Thread 0x18ba5800 nmethod 178 0x02789008 code [0x02789100, 0x027891a0]
Event: 0.701 Thread 0x18ba5800  179             org.mozilla.javascript.ObjToIntMap::rehashTable (178 bytes)
Event: 0.701 Thread 0x18ba5800 nmethod 179 0x02789248 code [0x02789370, 0x027897ac]
Event: 0.701 Thread 0x18ba5800  180             org.mozilla.javascript.ast.Name::getScope (5 bytes)
Event: 0.701 Thread 0x18ba5800 nmethod 180 0x02789ac8 code [0x02789bc0, 0x02789c40]
Event: 0.701 Thread 0x18ba5800  181   !         org.mozilla.javascript.Interpreter::interpretLoop (6314 bytes)

GC Heap History (2 events):
Event: 0.419 GC heap before
{Heap before GC invocations=0 (full 0):
 def new generation   total 4928K, used 4416K [0x04800000, 0x04d50000, 0x09d50000)
  eden space 4416K, 100% used [0x04800000, 0x04c50000, 0x04c50000)
  from space 512K,   0% used [0x04c50000, 0x04c50000, 0x04cd0000)
  to   space 512K,   0% used [0x04cd0000, 0x04cd0000, 0x04d50000)
 tenured generation   total 10944K, used 0K [0x09d50000, 0x0a800000, 0x14800000)
   the space 10944K,   0% used [0x09d50000, 0x09d50000, 0x09d50200, 0x0a800000)
 compacting perm gen  total 12288K, used 3439K [0x14800000, 0x15400000, 0x18800000)
   the space 12288K,  27% used [0x14800000, 0x14b5bf10, 0x14b5c000, 0x15400000)
No shared spaces configured.
Event: 0.423 GC heap after
Heap after GC invocations=1 (full 0):
 def new generation   total 4928K, used 512K [0x04800000, 0x04d50000, 0x09d50000)
  eden space 4416K,   0% used [0x04800000, 0x04800000, 0x04c50000)
  from space 512K, 100% used [0x04cd0000, 0x04d50000, 0x04d50000)
  to   space 512K,   0% used [0x04c50000, 0x04c50000, 0x04cd0000)
 tenured generation   total 10944K, used 390K [0x09d50000, 0x0a800000, 0x14800000)
   the space 10944K,   3% used [0x09d50000, 0x09db1800, 0x09db1800, 0x0a800000)
 compacting perm gen  total 12288K, used 3439K [0x14800000, 0x15400000, 0x18800000)
   the space 12288K,  27% used [0x14800000, 0x14b5bf10, 0x14b5c000, 0x15400000)
No shared spaces configured.
}

Deoptimization events (0 events):
No events

Internal exceptions (10 events):
Event: 0.687 Thread 0x0257cc00 Threw 0x04a66918 at C:\re\jdk7u80\2329\hotspot\src\share\vm\prims\jvm.cpp:1319
Event: 0.691 Thread 0x0257cc00 Threw 0x04a80720 at C:\re\jdk7u80\2329\hotspot\src\share\vm\prims\jvm.cpp:1319
Event: 0.702 Thread 0x0257cc00 Threw 0x04aee248 at C:\re\jdk7u80\2329\hotspot\src\share\vm\prims\jvm.cpp:1319
Event: 0.702 Thread 0x0257cc00 Threw 0x04aefc08 at C:\re\jdk7u80\2329\hotspot\src\share\vm\prims\jvm.cpp:1319
Event: 0.703 Thread 0x0257cc00 Threw 0x04af6ff0 at C:\re\jdk7u80\2329\hotspot\src\share\vm\prims\jvm.cpp:1319
Event: 0.703 Thread 0x0257cc00 Threw 0x04af8958 at C:\re\jdk7u80\2329\hotspot\src\share\vm\prims\jvm.cpp:1319
Event: 0.703 Thread 0x0257cc00 Threw 0x04afc420 at C:\re\jdk7u80\2329\hotspot\src\share\vm\prims\jvm.cpp:1319
Event: 0.703 Thread 0x0257cc00 Threw 0x04afde30 at C:\re\jdk7u80\2329\hotspot\src\share\vm\prims\jvm.cpp:1319
Event: 0.705 Thread 0x0257cc00 Threw 0x04b0b278 at C:\re\jdk7u80\2329\hotspot\src\share\vm\prims\jvm.cpp:1319
Event: 0.705 Thread 0x0257cc00 Threw 0x04b0cb08 at C:\re\jdk7u80\2329\hotspot\src\share\vm\prims\jvm.cpp:1319

Events (10 events):
Event: 0.703 loading class 0x194e5c38
Event: 0.703 loading class 0x194e5c38 done
Event: 0.704 loading class 0x025a43e0
Event: 0.704 loading class 0x025a43e0 done
Event: 0.704 loading class 0x025e93d8
Event: 0.705 loading class 0x025e93d8 done
Event: 0.705 loading class 0x18cd1770
Event: 0.705 loading class 0x18cd1770 done
Event: 0.705 loading class 0x18cd1800
Event: 0.705 loading class 0x18cd1800 done


Dynamic libraries:
0x00400000 - 0x00409000 	C:\ti\xdctools_3_50_03_33_core\xs.exe
0x77000000 - 0x7718e000 	C:\Windows\SYSTEM32\ntdll.dll
0x73bd0000 - 0x73ca0000 	C:\Windows\System32\KERNEL32.DLL
0x75410000 - 0x755d2000 	C:\Windows\System32\KERNELBASE.dll
0x75350000 - 0x7540d000 	C:\Windows\System32\MSVCRT.dll
0x60c60000 - 0x60feb000 	C:\ti\xdctools_3_50_03_33_core\jre\bin\client\jvm.dll
0x75750000 - 0x7588c000 	C:\Windows\System32\USER32.dll
0x75280000 - 0x75296000 	C:\Windows\System32\win32u.dll
0x743b0000 - 0x743d1000 	C:\Windows\System32\GDI32.dll
0x75120000 - 0x75278000 	C:\Windows\System32\gdi32full.dll
0x74610000 - 0x74689000 	C:\Windows\System32\msvcp_win.dll
0x746f0000 - 0x74808000 	C:\Windows\System32\ucrtbase.dll
0x73ee0000 - 0x73f57000 	C:\Windows\System32\ADVAPI32.dll
0x74360000 - 0x743a1000 	C:\Windows\System32\sechost.dll
0x73ca0000 - 0x73d60000 	C:\Windows\System32\RPCRT4.dll
0x73ad0000 - 0x73af0000 	C:\Windows\System32\SspiCli.dll
0x73ac0000 - 0x73aca000 	C:\Windows\System32\CRYPTBASE.dll
0x73af0000 - 0x73b47000 	C:\Windows\System32\bcryptPrimitives.dll
0x74600000 - 0x74606000 	C:\Windows\System32\PSAPI.DLL
0x72ea0000 - 0x72ec4000 	C:\Windows\SYSTEM32\WINMM.dll
0x731c0000 - 0x7327f000 	C:\Windows\SYSTEM32\MSVCR100.dll
0x72cd0000 - 0x72cf3000 	C:\Windows\SYSTEM32\WINMMBASE.dll
0x64770000 - 0x64778000 	C:\Windows\SYSTEM32\WSOCK32.dll
0x755e0000 - 0x75647000 	C:\Windows\System32\WS2_32.dll
0x75080000 - 0x750b9000 	C:\Windows\System32\cfgmgr32.dll
0x73ba0000 - 0x73bc5000 	C:\Windows\System32\IMM32.DLL
0x6f010000 - 0x6f01c000 	C:\ti\xdctools_3_50_03_33_core\jre\bin\verify.dll
0x6a3e0000 - 0x6a401000 	C:\ti\xdctools_3_50_03_33_core\jre\bin\java.dll
0x6a3c0000 - 0x6a3d3000 	C:\ti\xdctools_3_50_03_33_core\jre\bin\zip.dll
0x69e80000 - 0x69e94000 	C:\ti\xdctools_3_50_03_33_core\jre\bin\net.dll
0x71630000 - 0x7167e000 	C:\Windows\system32\mswsock.dll
0x6aec0000 - 0x6aecf000 	C:\ti\xdctools_3_50_03_33_core\jre\bin\nio.dll
0x722e0000 - 0x7243d000 	C:\Windows\SYSTEM32\dbghelp.dll

VM Arguments:
jvm_args: -Xverify:none -DXDCPATH=D:/WorkSpace/Project/CCS/workspace_v8/CC2640R2F_Project/CC2640R2F_Ble5_Central_Peripheral/simplelink_cc2640r2_sdk_1_40_00_45/source;D:/WorkSpace/Project/CCS/workspace_v8/CC2640R2F_Project/CC2640R2F_Ble5_Central_Peripheral/simplelink_cc2640r2_sdk_1_40_00_45/kernel/tirtos/packages;D:/WorkSpace/Project/CCS/workspace_v8/CC2640R2F_Project/CC2640R2F_Ble5_Central_Peripheral/simplelink_cc2640r2_sdk_1_40_00_45/source/ti/ble5stack; -Dxdc.root=C:\ti\xdctools_3_50_03_33_core -Dconfig.rootDir=C:\ti\xdctools_3_50_03_33_core -Dconfig.gopts= exit abort 
java_command: <unknown>
Launcher Type: generic

Environment Variables:
PATH=C:\ti\ccsv8\ccs_base\emulation\analysis\bin\..\..\..\common\bin;C:\ti\ccsv8\ccs_base\emulation\analysis\bin\..\..\..\DebugServer\bin;C:\ti\ccsv8\ccs_base\emulation\analysis\bin\ofs;C:\ti\ccsv8\ccs_base\common\bin;C:\ti\ccsv8\ccs_base\common\uscif;C:\Windows\system32;C:\Windows;C:\Windows\System32\Wbem;C:\Windows\System32\WindowsPowerShell\v1.0\;C:\Program Files (x86)\NVIDIA Corporation\PhysX\Common;C:\Users\dd\AppData\Local\Microsoft\WindowsApps;;C:\ti\ccsv8\ccs_base\emulation\analysis\bin\.;C:\ti\ccsv8\ccs_base\emulation\analysis\bin\../xmldb/aet_config;C:\ti\ccsv8\ccs_base\emulation\analysis\bin\../xmldb/trace_config/setup;C:\ti\ccsv8\ccs_base\emulation\analysis\bin\../xmldb/trace_config/devices;C:\ti\ccsv8\ccs_base\emulation\analysis\bin\../../../common/bin;C:\ti\ccsv8\ccs_base\emulation\analysis\bin\../../../common/uscif;C:\ti\ccsv8\ccs_base\emulation\analysis\bin\../../tpi;C:\ti\ccsv8\ccs_base\emulation\drivers
USERNAME=dd
OS=Windows_NT
PROCESSOR_IDENTIFIER=Intel64 Family 6 Model 78 Stepping 3, GenuineIntel



---------------  S Y S T E M  ---------------

OS: Windows 8 , 64 bit Build 9200 

CPU:total 4 (2 cores per cpu, 2 threads per core) family 6 model 78 stepping 3, cmov, cx8, fxsr, mmx, sse, sse2, sse3, ssse3, sse4.1, sse4.2, popcnt, avx, avx2, erms, ht, tsc, tscinvbit

Memory: 4k page, physical 7802060k(1654560k free), swap 14355784k(3144k free)

vm_info: Java HotSpot(TM) Client VM (24.80-b11) for windows-x86 JRE (1.7.0_80-b15), built on Apr 10 2015 13:33:35 by "java_re" with unknown MS VC++:1600

time: Thu Apr 26 19:40:28 2018
elapsed time: 0 seconds

